<?xml version="1.0" encoding="UTF-8"?>
<!-- Generated by org.testng.reporters.JUnitReportReporter -->
<testsuite skipped="0" hostname="LAPTOP-E9DP2LG2" name="com.class03.TC1" tests="1" failures="0" timestamp="07 Jun 2019 00:20:12 GMT" time="5.670" errors="0">
  <testcase name="testUsername1" time="5.670" classname="com.class03.TC1"/>
</testsuite> <!-- com.class03.TC1 -->
