<?xml version="1.0" encoding="UTF-8"?>
<!-- Generated by org.testng.reporters.JUnitReportReporter -->
<testsuite skipped="0" hostname="LAPTOP-E9DP2LG2" name="com.class03.BasicXMLPartOne" tests="6" failures="0" timestamp="06 Jun 2019 02:02:30 GMT" time="0.018" errors="0">
  <testcase name="testSecondFromBasic1" time="0.001" classname="com.class03.BasicXMLPartOne"/>
  <testcase name="testOneFromBasic1" time="0.001" classname="com.class03.BasicXMLPartOne"/>
  <testcase name="testOneFromBasic1" time="0.012" classname="com.class03.BasicXMLPartOne"/>
  <testcase name="testThirdFromBasic1" time="0.001" classname="com.class03.BasicXMLPartOne"/>
  <testcase name="testSecondFromBasic1" time="0.002" classname="com.class03.BasicXMLPartOne"/>
  <testcase name="testThirdFromBasic1" time="0.001" classname="com.class03.BasicXMLPartOne"/>
</testsuite> <!-- com.class03.BasicXMLPartOne -->
