<?xml version="1.0" encoding="UTF-8"?>
<!-- Generated by org.testng.reporters.JUnitReportReporter -->
<testsuite skipped="0" hostname="LAPTOP-E9DP2LG2" name="com.class04.ParameterExampleTwo" tests="1" failures="0" timestamp="07 Jun 2019 00:55:22 GMT" time="4.990" errors="0">
  <testcase name="testGoogle" time="4.990" classname="com.class04.ParameterExampleTwo"/>
</testsuite> <!-- com.class04.ParameterExampleTwo -->
