<?xml version="1.0" encoding="UTF-8"?>
<!-- Generated by org.testng.reporters.JUnitReportReporter -->
<testsuite skipped="0" hostname="LAPTOP-E9DP2LG2" name="com.class03.MultiGroupExample" tests="1" failures="0" timestamp="06 Jun 2019 19:14:11 GMT" time="0.007" errors="0">
  <testcase name="testMethodOne" time="0.007" classname="com.class03.MultiGroupExample"/>
</testsuite> <!-- com.class03.MultiGroupExample -->
