<?xml version="1.0" encoding="UTF-8"?>
<!-- Generated by org.testng.reporters.JUnitReportReporter -->
<testsuite skipped="0" hostname="LAPTOP-E9DP2LG2" name="com.class02.SmartbearsoftwareExample" tests="3" failures="0" timestamp="31 May 2019 00:36:22 GMT" time="0.793" errors="0">
  <testcase name="loginScreenTitle" time="0.015" classname="com.class02.SmartbearsoftwareExample"/>
  <testcase name="login" time="0.727" classname="com.class02.SmartbearsoftwareExample"/>
  <testcase name="webOrders" time="0.051" classname="com.class02.SmartbearsoftwareExample"/>
</testsuite> <!-- com.class02.SmartbearsoftwareExample -->
