<?xml version="1.0" encoding="UTF-8"?>
<!-- Generated by org.testng.reporters.JUnitReportReporter -->
<testsuite skipped="0" hostname="LAPTOP-E9DP2LG2" name="com.class03.DependsOnGroups" tests="3" failures="0" timestamp="06 Jun 2019 02:21:34 GMT" time="0.008" errors="0">
  <testcase name="two" time="0.001" classname="com.class03.DependsOnGroups"/>
  <testcase name="three" time="0.000" classname="com.class03.DependsOnGroups"/>
  <testcase name="one" time="0.007" classname="com.class03.DependsOnGroups"/>
</testsuite> <!-- com.class03.DependsOnGroups -->
