<?xml version="1.0" encoding="UTF-8"?>
<!-- Generated by org.testng.reporters.JUnitReportReporter -->
<testsuite skipped="0" hostname="LAPTOP-E9DP2LG2" name="com.class01.test01" tests="3" failures="0" timestamp="30 May 2019 19:59:27 GMT" time="0.012" errors="0">
  <testcase name="test3" time="0.002" classname="com.class01.test01"/>
  <testcase name="test1" time="0.008" classname="com.class01.test01"/>
  <testcase name="test2" time="0.002" classname="com.class01.test01"/>
</testsuite> <!-- com.class01.test01 -->
