<?xml version="1.0" encoding="UTF-8"?>
<!-- Generated by org.testng.reporters.JUnitReportReporter -->
<testsuite skipped="0" hostname="LAPTOP-E9DP2LG2" name="com.class04.ToolsQaExample" tests="4" failures="0" timestamp="07 Jun 2019 14:32:49 GMT" time="36.531" errors="0">
  <testcase name="getData" time="8.183" classname="com.class04.ToolsQaExample"/>
  <testcase name="getData" time="9.001" classname="com.class04.ToolsQaExample"/>
  <testcase name="getData" time="10.989" classname="com.class04.ToolsQaExample"/>
  <testcase name="getData" time="8.358" classname="com.class04.ToolsQaExample"/>
</testsuite> <!-- com.class04.ToolsQaExample -->
