<?xml version="1.0" encoding="UTF-8"?>
<!-- Generated by org.testng.reporters.JUnitReportReporter -->
<testsuite skipped="0" hostname="LAPTOP-E9DP2LG2" name="com.class03.BasicXMLPartTwo" tests="6" failures="0" timestamp="06 Jun 2019 02:02:30 GMT" time="0.005" errors="0">
  <testcase name="testSecondFromBasic2" time="0.001" classname="com.class03.BasicXMLPartTwo"/>
  <testcase name="testThirdFromBasic2" time="0.001" classname="com.class03.BasicXMLPartTwo"/>
  <testcase name="testOneFromBasic2" time="0.001" classname="com.class03.BasicXMLPartTwo"/>
  <testcase name="testThirdFromBasic2" time="0.000" classname="com.class03.BasicXMLPartTwo"/>
  <testcase name="testOneFromBasic2" time="0.001" classname="com.class03.BasicXMLPartTwo"/>
  <testcase name="testSecondFromBasic2" time="0.001" classname="com.class03.BasicXMLPartTwo"/>
</testsuite> <!-- com.class03.BasicXMLPartTwo -->
