<?xml version="1.0" encoding="UTF-8"?>
<!-- Generated by org.testng.reporters.JUnitReportReporter -->
<testsuite skipped="0" hostname="LAPTOP-E9DP2LG2" name="com.class03.Homework" tests="5" failures="0" timestamp="06 Jun 2019 18:09:39 GMT" time="8.647" errors="0">
  <testcase name="title" time="0.025" classname="com.class03.Homework"/>
  <testcase name="logIn" time="1.363" classname="com.class03.Homework"/>
  <testcase name="addEmployee" time="2.832" classname="com.class03.Homework"/>
  <testcase name="employeeDetailsVerification" time="1.936" classname="com.class03.Homework"/>
  <testcase name="logout" time="2.491" classname="com.class03.Homework"/>
</testsuite> <!-- com.class03.Homework -->
