<?xml version="1.0" encoding="UTF-8"?>
<!-- Generated by org.testng.reporters.JUnitReportReporter -->
<testsuite skipped="0" hostname="LAPTOP-E9DP2LG2" name="com.class01.beforeAndAfterMethod" tests="2" failures="0" timestamp="29 May 2019 01:28:53 GMT" time="0.013" errors="0">
  <testcase name="testMethodTwo" time="0.003" classname="com.class01.beforeAndAfterMethod"/>
  <testcase name="testMethodOne" time="0.010" classname="com.class01.beforeAndAfterMethod"/>
</testsuite> <!-- com.class01.beforeAndAfterMethod -->
