<?xml version="1.0" encoding="UTF-8"?>
<!-- Generated by org.testng.reporters.JUnitReportReporter -->
<testsuite skipped="0" hostname="LAPTOP-E9DP2LG2" name="com.class01.SauceLogin" tests="1" failures="0" timestamp="30 May 2019 23:26:51 GMT" time="6.334" errors="0">
  <testcase name="login" time="6.334" classname="com.class01.SauceLogin"/>
</testsuite> <!-- com.class01.SauceLogin -->
