<?xml version="1.0" encoding="UTF-8"?>
<!-- Generated by org.testng.reporters.JUnitReportReporter -->
<testsuite skipped="0" hostname="LAPTOP-E9DP2LG2" name="com.class01.SauceLogin" tests="1" failures="0" timestamp="04 Jun 2019 11:29:21 GMT" time="10.853" errors="0">
  <testcase name="login" time="10.853" classname="com.class01.SauceLogin"/>
</testsuite> <!-- com.class01.SauceLogin -->
