<?xml version="1.0" encoding="UTF-8"?>
<!-- Generated by org.testng.reporters.JUnitReportReporter -->
<testsuite skipped="0" hostname="LAPTOP-E9DP2LG2" name="com.class03.TestGroupExample" tests="2" failures="0" timestamp="06 Jun 2019 18:59:12 GMT" time="0.007" errors="0">
  <testcase name="testMethodOne" time="0.006" classname="com.class03.TestGroupExample"/>
  <testcase name="testMethodThree" time="0.001" classname="com.class03.TestGroupExample"/>
</testsuite> <!-- com.class03.TestGroupExample -->
