<?xml version="1.0" encoding="UTF-8"?>
<!-- Generated by org.testng.reporters.JUnitReportReporter -->
<testsuite skipped="0" hostname="LAPTOP-E9DP2LG2" name="com.class04.SauceDemo" tests="2" failures="0" timestamp="07 Jun 2019 01:24:16 GMT" time="11.343" errors="0">
  <testcase name="testUsername1" time="5.447" classname="com.class04.SauceDemo"/>
  <testcase name="testUsername2" time="5.896" classname="com.class04.SauceDemo"/>
</testsuite> <!-- com.class04.SauceDemo -->
