<?xml version="1.0" encoding="UTF-8"?>
<!-- Generated by org.testng.reporters.JUnitReportReporter -->
<testsuite skipped="0" hostname="LAPTOP-E9DP2LG2" name="com.class03.GroupsExample" tests="4" failures="0" timestamp="06 Jun 2019 02:17:49 GMT" time="0.010" errors="0">
  <testcase name="Three" time="0.000" classname="com.class03.GroupsExample"/>
  <testcase name="Two" time="0.001" classname="com.class03.GroupsExample"/>
  <testcase name="Four" time="0.008" classname="com.class03.GroupsExample"/>
  <testcase name="one" time="0.001" classname="com.class03.GroupsExample"/>
</testsuite> <!-- com.class03.GroupsExample -->
