<?xml version="1.0" encoding="UTF-8"?>
<!-- Generated by org.testng.reporters.JUnitReportReporter -->
<testsuite skipped="0" hostname="LAPTOP-E9DP2LG2" name="com.class02.SoftAndHardAssertExample" tests="2" failures="0" timestamp="31 May 2019 18:23:32 GMT" time="20.092" errors="0">
  <testcase name="orangehrmLoginScreen" time="0.020" classname="com.class02.SoftAndHardAssertExample"/>
  <testcase name="logo" time="20.072" classname="com.class02.SoftAndHardAssertExample"/>
</testsuite> <!-- com.class02.SoftAndHardAssertExample -->
