<?xml version="1.0" encoding="UTF-8"?>
<!-- Generated by org.testng.reporters.JUnitReportReporter -->
<testsuite skipped="0" hostname="LAPTOP-E9DP2LG2" name="com.class04.ParameterExampleOne" tests="1" failures="0" timestamp="07 Jun 2019 00:35:24 GMT" time="0.007" errors="0">
  <testcase name="userNames" time="0.007" classname="com.class04.ParameterExampleOne"/>
</testsuite> <!-- com.class04.ParameterExampleOne -->
