<?xml version="1.0" encoding="UTF-8"?>
<!-- Generated by org.testng.reporters.JUnitReportReporter -->
<testsuite skipped="0" hostname="LAPTOP-E9DP2LG2" name="com.class02.PriortyExampleTwo" tests="2" failures="0" timestamp="30 May 2019 23:37:02 GMT" time="2.947" errors="0">
  <testcase name="login" time="0.891" classname="com.class02.PriortyExampleTwo"/>
  <testcase name="mainPage" time="2.056" classname="com.class02.PriortyExampleTwo"/>
</testsuite> <!-- com.class02.PriortyExampleTwo -->
