<?xml version="1.0" encoding="UTF-8"?>
<!-- Generated by org.testng.reporters.JUnitReportReporter -->
<testsuite skipped="0" hostname="LAPTOP-E9DP2LG2" name="com.class01.test" tests="3" failures="0" timestamp="29 May 2019 01:15:40 GMT" time="0.012" errors="0">
  <testcase name="testDemo" time="0.002" classname="com.class01.test"/>
  <testcase name="a" time="0.008" classname="com.class01.test"/>
  <testcase name="b" time="0.002" classname="com.class01.test"/>
</testsuite> <!-- com.class01.test -->
