<?xml version="1.0" encoding="UTF-8"?>
<!-- Generated by org.testng.reporters.JUnitReportReporter -->
<testsuite skipped="0" hostname="LAPTOP-E9DP2LG2" name="com.class04.WebOrderFB$DependencyTask" tests="4" failures="0" timestamp="09 Jun 2019 02:20:26 GMT" time="6.154" errors="0">
  <testcase name="login" time="0.628" classname="com.class04.WebOrderFB$DependencyTask"/>
  <testcase name="addUser1" time="2.761" classname="com.class04.WebOrderFB$DependencyTask"/>
  <testcase name="validateUsers" time="0.249" classname="com.class04.WebOrderFB$DependencyTask"/>
  <testcase name="addUser2" time="2.516" classname="com.class04.WebOrderFB$DependencyTask"/>
</testsuite> <!-- com.class04.WebOrderFB$DependencyTask -->
