<?xml version="1.0" encoding="UTF-8"?>
<!-- Generated by org.testng.reporters.JUnitReportReporter -->
<testsuite skipped="0" hostname="LAPTOP-E9DP2LG2" name="com.class04.NewTourExample" tests="1" failures="0" timestamp="07 Jun 2019 01:07:44 GMT" time="6.390" errors="0">
  <testcase name="userInformation" time="6.390" classname="com.class04.NewTourExample"/>
</testsuite> <!-- com.class04.NewTourExample -->
